INFO  | 2020-12-07 12:16:01 | [main] presentation.OasControllerTest (OasControllerTest.java:25) - [START] testNameAddSuccess() 
INFO  | 2020-12-07 12:16:01 | [main] presentation.OasController (OasController.java:19) - Adding Name for category: Furniture
ERROR | 2020-12-07 12:16:01 | [main] presentation.OasController (OasController.java:25) - NameIsBlankException: java.lang.IllegalArgumentException: Provided id of the wrong type for class com.cg.oas.entity.CategoryEntity. Expected: class java.lang.Integer, got class java.lang.String
INFO  | 2020-12-07 12:16:01 | [main] presentation.OasControllerTest (OasControllerTest.java:38) - [START] testNameAddFailed() 
INFO  | 2020-12-07 12:16:01 | [main] presentation.OasController (OasController.java:19) - Adding Name for category: null
ERROR | 2020-12-07 12:16:01 | [main] presentation.OasController (OasController.java:25) - NameIsBlankException: java.lang.IllegalArgumentException: id to load is required for loading
INFO  | 2020-12-07 12:16:01 | [main] presentation.OasControllerTest (OasControllerTest.java:44) - [START]  testDescAddFailed()
INFO  | 2020-12-07 12:16:01 | [main] presentation.OasController (OasController.java:32) - Adding Description for Category: null
ERROR | 2020-12-07 12:16:01 | [main] presentation.OasController (OasController.java:38) - DescriptionIsBlankException: java.lang.IllegalArgumentException: id to load is required for loading
INFO  | 2020-12-07 12:16:01 | [main] presentation.OasControllerTest (OasControllerTest.java:32) - [START] testDescriptionAddSuccess() 
INFO  | 2020-12-07 12:16:01 | [main] presentation.OasController (OasController.java:32) - Adding Description for Category: It includes item such as chair,table,almirah,etc
ERROR | 2020-12-07 12:16:01 | [main] presentation.OasController (OasController.java:38) - DescriptionIsBlankException: java.lang.IllegalArgumentException: Provided id of the wrong type for class com.cg.oas.entity.CategoryEntity. Expected: class java.lang.Integer, got class java.lang.String
INFO  | 2020-12-07 12:19:33 | [main] presentation.OasControllerTest (OasControllerTest.java:25) - [START] testNameAddSuccess() 
INFO  | 2020-12-07 12:19:33 | [main] presentation.OasController (OasController.java:19) - Adding Name for category: Furniture
ERROR | 2020-12-07 12:19:33 | [main] presentation.OasController (OasController.java:25) - NameIsBlankException: java.lang.IllegalArgumentException: Provided id of the wrong type for class com.cg.oas.entity.CategoryEntity. Expected: class java.lang.Integer, got class java.lang.String
INFO  | 2020-12-07 12:19:33 | [main] presentation.OasControllerTest (OasControllerTest.java:38) - [START] testNameAddFailed() 
INFO  | 2020-12-07 12:19:33 | [main] presentation.OasController (OasController.java:19) - Adding Name for category: null
ERROR | 2020-12-07 12:19:33 | [main] presentation.OasController (OasController.java:25) - NameIsBlankException: java.lang.IllegalArgumentException: id to load is required for loading
INFO  | 2020-12-07 12:19:33 | [main] presentation.OasControllerTest (OasControllerTest.java:44) - [START]  testDescAddFailed()
INFO  | 2020-12-07 12:19:33 | [main] presentation.OasController (OasController.java:32) - Adding Description for Category: null
ERROR | 2020-12-07 12:19:33 | [main] presentation.OasController (OasController.java:38) - DescriptionIsBlankException: java.lang.IllegalArgumentException: id to load is required for loading
INFO  | 2020-12-07 12:19:33 | [main] presentation.OasControllerTest (OasControllerTest.java:32) - [START] testDescriptionAddSuccess() 
INFO  | 2020-12-07 12:19:33 | [main] presentation.OasController (OasController.java:32) - Adding Description for Category: It includes item such as chair,table,almirah,etc
ERROR | 2020-12-07 12:19:33 | [main] presentation.OasController (OasController.java:38) - DescriptionIsBlankException: java.lang.IllegalArgumentException: Provided id of the wrong type for class com.cg.oas.entity.CategoryEntity. Expected: class java.lang.Integer, got class java.lang.String
INFO  | 2020-12-07 13:30:00 | [main] presentation.OasControllerTest (OasControllerTest.java:25) - [START] testNameAddSuccess() 
INFO  | 2020-12-07 13:30:00 | [main] presentation.OasControllerTest (OasControllerTest.java:25) - [START] testNameAddSuccess() 
INFO  | 2020-12-07 13:30:00 | [main] presentation.OasController (OasController.java:19) - Adding Name for category: Furniture
INFO  | 2020-12-07 13:30:00 | [main] presentation.OasController (OasController.java:19) - Adding Name for category: Furniture
ERROR | 2020-12-07 13:30:01 | [main] presentation.OasController (OasController.java:25) - NameIsBlankException: java.lang.IllegalArgumentException: Provided id of the wrong type for class com.cg.oas.entity.CategoryEntity. Expected: class java.lang.Integer, got class java.lang.String
ERROR | 2020-12-07 13:30:01 | [main] presentation.OasController (OasController.java:25) - NameIsBlankException: java.lang.IllegalArgumentException: Provided id of the wrong type for class com.cg.oas.entity.CategoryEntity. Expected: class java.lang.Integer, got class java.lang.String
INFO  | 2020-12-07 13:30:01 | [main] presentation.OasControllerTest (OasControllerTest.java:38) - [START] testNameAddFailed() 
INFO  | 2020-12-07 13:30:01 | [main] presentation.OasControllerTest (OasControllerTest.java:38) - [START] testNameAddFailed() 
INFO  | 2020-12-07 13:30:01 | [main] presentation.OasController (OasController.java:19) - Adding Name for category: null
INFO  | 2020-12-07 13:30:01 | [main] presentation.OasController (OasController.java:19) - Adding Name for category: null
ERROR | 2020-12-07 13:30:01 | [main] presentation.OasController (OasController.java:25) - NameIsBlankException: java.lang.IllegalArgumentException: id to load is required for loading
ERROR | 2020-12-07 13:30:01 | [main] presentation.OasController (OasController.java:25) - NameIsBlankException: java.lang.IllegalArgumentException: id to load is required for loading
INFO  | 2020-12-07 13:30:01 | [main] presentation.OasControllerTest (OasControllerTest.java:44) - [START]  testDescAddFailed()
INFO  | 2020-12-07 13:30:01 | [main] presentation.OasControllerTest (OasControllerTest.java:44) - [START]  testDescAddFailed()
INFO  | 2020-12-07 13:30:01 | [main] presentation.OasController (OasController.java:32) - Adding Description for Category: null
INFO  | 2020-12-07 13:30:01 | [main] presentation.OasController (OasController.java:32) - Adding Description for Category: null
ERROR | 2020-12-07 13:30:01 | [main] presentation.OasController (OasController.java:38) - DescriptionIsBlankException: java.lang.IllegalArgumentException: id to load is required for loading
ERROR | 2020-12-07 13:30:01 | [main] presentation.OasController (OasController.java:38) - DescriptionIsBlankException: java.lang.IllegalArgumentException: id to load is required for loading
INFO  | 2020-12-07 13:30:01 | [main] presentation.OasControllerTest (OasControllerTest.java:32) - [START] testDescriptionAddSuccess() 
INFO  | 2020-12-07 13:30:01 | [main] presentation.OasControllerTest (OasControllerTest.java:32) - [START] testDescriptionAddSuccess() 
INFO  | 2020-12-07 13:30:01 | [main] presentation.OasController (OasController.java:32) - Adding Description for Category: It includes item such as chair,table,almirah,etc
INFO  | 2020-12-07 13:30:01 | [main] presentation.OasController (OasController.java:32) - Adding Description for Category: It includes item such as chair,table,almirah,etc
ERROR | 2020-12-07 13:30:01 | [main] presentation.OasController (OasController.java:38) - DescriptionIsBlankException: java.lang.IllegalArgumentException: Provided id of the wrong type for class com.cg.oas.entity.CategoryEntity. Expected: class java.lang.Integer, got class java.lang.String
ERROR | 2020-12-07 13:30:01 | [main] presentation.OasController (OasController.java:38) - DescriptionIsBlankException: java.lang.IllegalArgumentException: Provided id of the wrong type for class com.cg.oas.entity.CategoryEntity. Expected: class java.lang.Integer, got class java.lang.String
INFO  | 2020-12-07 13:32:28 | [main] presentation.OasControllerTest (OasControllerTest.java:25) - [START] testNameAddSuccess() 
INFO  | 2020-12-07 13:32:28 | [main] presentation.OasController (OasController.java:19) - Adding Name for category: Furniture
ERROR | 2020-12-07 13:32:28 | [main] presentation.OasController (OasController.java:25) - NameIsBlankException: java.lang.IllegalStateException: Session/EntityManager is closed
INFO  | 2020-12-07 13:32:28 | [main] presentation.OasControllerTest (OasControllerTest.java:38) - [START] testNameAddFailed() 
INFO  | 2020-12-07 13:32:28 | [main] presentation.OasController (OasController.java:19) - Adding Name for category: null
ERROR | 2020-12-07 13:32:28 | [main] presentation.OasController (OasController.java:25) - NameIsBlankException: java.lang.IllegalStateException: Session/EntityManager is closed
INFO  | 2020-12-07 13:32:28 | [main] presentation.OasControllerTest (OasControllerTest.java:44) - [START]  testDescAddFailed()
INFO  | 2020-12-07 13:32:28 | [main] presentation.OasController (OasController.java:32) - Adding Description for Category: null
ERROR | 2020-12-07 13:32:28 | [main] presentation.OasController (OasController.java:38) - DescriptionIsBlankException: java.lang.IllegalStateException: Session/EntityManager is closed
INFO  | 2020-12-07 13:32:28 | [main] presentation.OasControllerTest (OasControllerTest.java:32) - [START] testDescriptionAddSuccess() 
INFO  | 2020-12-07 13:32:28 | [main] presentation.OasController (OasController.java:32) - Adding Description for Category: It includes item such as chair,table,almirah,etc
ERROR | 2020-12-07 13:32:28 | [main] presentation.OasController (OasController.java:38) - DescriptionIsBlankException: java.lang.IllegalStateException: Session/EntityManager is closed
INFO  | 2020-12-07 16:04:45 | [main] presentation.OasControllerTest (OasControllerTest.java:25) - [START] testNameAddSuccess() 
INFO  | 2020-12-07 16:04:45 | [main] presentation.OasController (OasController.java:19) - Adding Name for category: Furniture
ERROR | 2020-12-07 16:04:45 | [main] presentation.OasController (OasController.java:25) - NameIsBlankException: java.lang.IllegalStateException: Session/EntityManager is closed
INFO  | 2020-12-07 16:04:45 | [main] presentation.OasControllerTest (OasControllerTest.java:38) - [START] testNameAddFailed() 
INFO  | 2020-12-07 16:04:45 | [main] presentation.OasController (OasController.java:19) - Adding Name for category: null
ERROR | 2020-12-07 16:04:45 | [main] presentation.OasController (OasController.java:25) - NameIsBlankException: java.lang.IllegalStateException: Session/EntityManager is closed
INFO  | 2020-12-07 16:04:45 | [main] presentation.OasControllerTest (OasControllerTest.java:44) - [START]  testDescAddFailed()
INFO  | 2020-12-07 16:04:45 | [main] presentation.OasController (OasController.java:32) - Adding Description for Category: null
ERROR | 2020-12-07 16:04:45 | [main] presentation.OasController (OasController.java:38) - DescriptionIsBlankException: java.lang.IllegalStateException: Session/EntityManager is closed
INFO  | 2020-12-07 16:04:45 | [main] presentation.OasControllerTest (OasControllerTest.java:32) - [START] testDescriptionAddSuccess() 
INFO  | 2020-12-07 16:04:45 | [main] presentation.OasController (OasController.java:32) - Adding Description for Category: It includes item such as chair,table,almirah,etc
ERROR | 2020-12-07 16:04:45 | [main] presentation.OasController (OasController.java:38) - DescriptionIsBlankException: java.lang.IllegalStateException: Session/EntityManager is closed
INFO  | 2020-12-08 16:27:11 | [main] presentation.OasControllerTest (OasControllerTest.java:38) - [START] testNameAddFailed() 
INFO  | 2020-12-08 16:27:11 | [main] presentation.OasController (OasController.java:19) - Adding Name for category: null
ERROR | 2020-12-08 16:27:11 | [main] presentation.OasController (OasController.java:25) - NameIsBlankException: java.lang.IllegalStateException: Session/EntityManager is closed
INFO  | 2020-12-08 16:27:11 | [main] presentation.OasControllerTest (OasControllerTest.java:44) - [START]  testDescAddFailed()
INFO  | 2020-12-08 16:27:11 | [main] presentation.OasController (OasController.java:32) - Adding Description for Category: null
ERROR | 2020-12-08 16:27:11 | [main] presentation.OasController (OasController.java:38) - DescriptionIsBlankException: java.lang.IllegalStateException: Session/EntityManager is closed
ERROR | 2020-12-09 09:16:26 | [main] spi.SqlExceptionHelper (SqlExceptionHelper.java:142) - FATAL: password authentication failed for user "postgres"
INFO  | 2020-12-09 09:18:49 | [main] presentation.OasControllerTest (OasControllerTest.java:47) - [START] testAdvertiseSearchSuccess()
INFO  | 2020-12-09 09:18:49 | [main] presentation.OasController (OasController.java:33) - Finding advertise for id: 1
INFO  | 2020-12-09 09:18:49 | [main] dao.AdDaoImpl (AdDaoImpl.java:24) - Database returned AdvertiseEntity: null
ERROR | 2020-12-09 09:18:49 | [main] presentation.OasController (OasController.java:39) - AdvertiseNotFoundException: Search UnsuccessfulAdvertiseId: 1
INFO  | 2020-12-09 09:18:49 | [main] presentation.OasControllerTest (OasControllerTest.java:54) - [START] testAdvertiseSearchFailed()
INFO  | 2020-12-09 09:18:49 | [main] presentation.OasController (OasController.java:33) - Finding advertise for id: -2
INFO  | 2020-12-09 09:18:49 | [main] dao.AdDaoImpl (AdDaoImpl.java:24) - Database returned AdvertiseEntity: null
ERROR | 2020-12-09 09:18:49 | [main] presentation.OasController (OasController.java:39) - AdvertiseNotFoundException: Search UnsuccessfulAdvertiseId: -2
INFO  | 2020-12-09 09:23:15 | [main] presentation.OasControllerTest (OasControllerTest.java:47) - [START] testAdvertiseSearchSuccess()
INFO  | 2020-12-09 09:23:15 | [main] presentation.OasController (OasController.java:33) - Finding advertise for id: 2
INFO  | 2020-12-09 09:23:15 | [main] dao.AdDaoImpl (AdDaoImpl.java:24) - Database returned AdvertiseEntity: null
ERROR | 2020-12-09 09:23:15 | [main] presentation.OasController (OasController.java:39) - AdvertiseNotFoundException: Search UnsuccessfulAdvertiseId: 2
INFO  | 2020-12-09 09:23:15 | [main] presentation.OasControllerTest (OasControllerTest.java:54) - [START] testAdvertiseSearchFailed()
INFO  | 2020-12-09 09:23:15 | [main] presentation.OasController (OasController.java:33) - Finding advertise for id: -2
INFO  | 2020-12-09 09:23:15 | [main] dao.AdDaoImpl (AdDaoImpl.java:24) - Database returned AdvertiseEntity: null
ERROR | 2020-12-09 09:23:15 | [main] presentation.OasController (OasController.java:39) - AdvertiseNotFoundException: Search UnsuccessfulAdvertiseId: -2
INFO  | 2020-12-09 09:32:09 | [main] presentation.OasControllerTest (OasControllerTest.java:29) - [START] testAdvertiseSearchSuccess()
INFO  | 2020-12-09 09:32:09 | [main] presentation.OasController (OasController.java:33) - Finding advertise for id: 2
INFO  | 2020-12-09 09:32:09 | [main] dao.AdDaoImpl (AdDaoImpl.java:24) - Seacrh Result : nullSearch Successful!!
ERROR | 2020-12-09 09:32:09 | [main] presentation.OasController (OasController.java:39) - AdvertiseNotFoundException: Search UnsuccessfulAdvertiseId: 2
INFO  | 2020-12-09 09:32:09 | [main] presentation.OasControllerTest (OasControllerTest.java:36) - [START] testAdvertiseSearchFailed()
INFO  | 2020-12-09 09:32:09 | [main] presentation.OasController (OasController.java:33) - Finding advertise for id: -2
INFO  | 2020-12-09 09:32:09 | [main] dao.AdDaoImpl (AdDaoImpl.java:24) - Seacrh Result : nullSearch Successful!!
ERROR | 2020-12-09 09:32:09 | [main] presentation.OasController (OasController.java:39) - AdvertiseNotFoundException: Search UnsuccessfulAdvertiseId: -2
INFO  | 2020-12-09 09:33:03 | [main] presentation.OasControllerTest (OasControllerTest.java:29) - [START] testAdvertiseSearchSuccess()
INFO  | 2020-12-09 09:33:03 | [main] presentation.OasController (OasController.java:33) - Finding advertise for id: 2
INFO  | 2020-12-09 09:33:03 | [main] dao.AdDaoImpl (AdDaoImpl.java:24) - Seacrh Result : nullSearch Successful!!
ERROR | 2020-12-09 09:33:03 | [main] presentation.OasController (OasController.java:39) - AdvertiseNotFoundException: Search UnsuccessfulAdvertiseId: 2
INFO  | 2020-12-09 09:33:03 | [main] presentation.OasControllerTest (OasControllerTest.java:36) - [START] testAdvertiseSearchFailed()
INFO  | 2020-12-09 09:33:03 | [main] presentation.OasController (OasController.java:33) - Finding advertise for id: -2
INFO  | 2020-12-09 09:33:03 | [main] dao.AdDaoImpl (AdDaoImpl.java:24) - Seacrh Result : nullSearch Successful!!
ERROR | 2020-12-09 09:33:03 | [main] presentation.OasController (OasController.java:39) - AdvertiseNotFoundException: Search UnsuccessfulAdvertiseId: -2
INFO  | 2020-12-09 09:33:32 | [main] presentation.OasControllerTest (OasControllerTest.java:29) - [START] testAdvertiseSearchSuccess()
INFO  | 2020-12-09 09:33:32 | [main] presentation.OasController (OasController.java:33) - Finding advertise for id: 2
INFO  | 2020-12-09 09:33:32 | [main] dao.AdDaoImpl (AdDaoImpl.java:24) - Seacrh Result : nullSearch Successful!!
ERROR | 2020-12-09 09:33:32 | [main] presentation.OasController (OasController.java:39) - AdvertiseNotFoundException: Search Unsuccessful   AdvertiseId: 2
INFO  | 2020-12-09 09:33:32 | [main] presentation.OasControllerTest (OasControllerTest.java:36) - [START] testAdvertiseSearchFailed()
INFO  | 2020-12-09 09:33:32 | [main] presentation.OasController (OasController.java:33) - Finding advertise for id: -2
INFO  | 2020-12-09 09:33:32 | [main] dao.AdDaoImpl (AdDaoImpl.java:24) - Seacrh Result : nullSearch Successful!!
ERROR | 2020-12-09 09:33:32 | [main] presentation.OasController (OasController.java:39) - AdvertiseNotFoundException: Search Unsuccessful   AdvertiseId: -2
INFO  | 2020-12-09 09:34:02 | [main] presentation.OasControllerTest (OasControllerTest.java:29) - [START] testAdvertiseSearchSuccess()
INFO  | 2020-12-09 09:34:02 | [main] presentation.OasController (OasController.java:33) - Finding advertise for id: 2
INFO  | 2020-12-09 09:34:02 | [main] dao.AdDaoImpl (AdDaoImpl.java:24) - Seacrh Result : nullSearch Successful!!
ERROR | 2020-12-09 09:34:02 | [main] presentation.OasController (OasController.java:39) - AdvertiseNotFoundException: Search Unsuccessful  Wrong AdvertiseId: 2
INFO  | 2020-12-09 09:34:02 | [main] presentation.OasControllerTest (OasControllerTest.java:36) - [START] testAdvertiseSearchFailed()
INFO  | 2020-12-09 09:34:02 | [main] presentation.OasController (OasController.java:33) - Finding advertise for id: -2
INFO  | 2020-12-09 09:34:02 | [main] dao.AdDaoImpl (AdDaoImpl.java:24) - Seacrh Result : nullSearch Successful!!
ERROR | 2020-12-09 09:34:02 | [main] presentation.OasController (OasController.java:39) - AdvertiseNotFoundException: Search Unsuccessful  Wrong AdvertiseId: -2
INFO  | 2020-12-09 10:18:08 | [main] presentation.OasControllerTest (OasControllerTest.java:29) - [START] testAdvertiseSearchSuccess()
INFO  | 2020-12-09 10:18:08 | [main] presentation.OasController (OasController.java:33) - Finding advertise for id: 2
INFO  | 2020-12-09 10:18:08 | [main] dao.AdDaoImpl (AdDaoImpl.java:24) - Seacrh Result : AdvertiseEntity [ad_id=2, title=mixer, category=electronics, description=na, price=2000.0, status=na]Search Successful!!
INFO  | 2020-12-09 10:18:08 | [main] service.AdServiceImpl (AdServiceImpl.java:20) - AdvertiseEntity: AdvertiseEntity [ad_id=2, title=mixer, category=electronics, description=na, price=2000.0, status=na]
INFO  | 2020-12-09 10:18:08 | [main] presentation.OasControllerTest (OasControllerTest.java:31) - [END] testAdvertiseSearchSuccess()
INFO  | 2020-12-09 10:18:08 | [main] presentation.OasControllerTest (OasControllerTest.java:36) - [START] testAdvertiseSearchFailed()
INFO  | 2020-12-09 10:18:08 | [main] presentation.OasController (OasController.java:33) - Finding advertise for id: -2
INFO  | 2020-12-09 10:18:08 | [main] dao.AdDaoImpl (AdDaoImpl.java:24) - Seacrh Result : nullSearch Successful!!
ERROR | 2020-12-09 10:18:08 | [main] presentation.OasController (OasController.java:39) - AdvertiseNotFoundException: Search Unsuccessful  Wrong AdvertiseId: -2
INFO  | 2020-12-09 10:27:03 | [main] presentation.OasControllerTest (OasControllerTest.java:29) - [START] testAdvertiseSearchSuccess()
INFO  | 2020-12-09 10:27:03 | [main] presentation.OasController (OasController.java:33) - Finding advertise for id: 2
INFO  | 2020-12-09 10:27:03 | [main] dao.AdDaoImpl (AdDaoImpl.java:24) - Seacrh Result : AdvertiseEntity [ad_id=2, title=mixer, category=electronics, description=na, price=2000.0, status=na]Search Successful!!
INFO  | 2020-12-09 10:27:03 | [main] service.AdServiceImpl (AdServiceImpl.java:20) - AdvertiseEntity: AdvertiseEntity [ad_id=2, title=mixer, category=electronics, description=na, price=2000.0, status=na]
INFO  | 2020-12-09 10:27:03 | [main] presentation.OasControllerTest (OasControllerTest.java:31) - [END] testAdvertiseSearchSuccess()
INFO  | 2020-12-09 10:27:03 | [main] presentation.OasControllerTest (OasControllerTest.java:36) - [START] testAdvertiseSearchFailed()
INFO  | 2020-12-09 10:27:03 | [main] presentation.OasController (OasController.java:33) - Finding advertise for id: -2
INFO  | 2020-12-09 10:27:03 | [main] dao.AdDaoImpl (AdDaoImpl.java:24) - Seacrh Result : nullSearch Successful!!
ERROR | 2020-12-09 10:27:03 | [main] presentation.OasController (OasController.java:39) - AdvertiseNotFoundException: Search Unsuccessful  Wrong AdvertiseId: -2
INFO  | 2020-12-09 10:33:16 | [main] presentation.OasControllerTest (OasControllerTest.java:29) - [START] testAdvertiseSearchSuccess()
INFO  | 2020-12-09 10:33:16 | [main] presentation.OasController (OasController.java:33) - Finding advertise for id: 2
INFO  | 2020-12-09 10:33:16 | [main] dao.AdDaoImpl (AdDaoImpl.java:24) - Seacrh Result : AdvertiseEntity [ad_id=2, title=mixer, category=electronics, description=na, price=2000.0, status=na]Search Successful!!
INFO  | 2020-12-09 10:33:16 | [main] service.AdServiceImpl (AdServiceImpl.java:20) - AdvertiseEntity: AdvertiseEntity [ad_id=2, title=mixer, category=electronics, description=na, price=2000.0, status=na]
INFO  | 2020-12-09 10:33:16 | [main] presentation.OasControllerTest (OasControllerTest.java:31) - [END] testAdvertiseSearchSuccess()
INFO  | 2020-12-09 10:33:16 | [main] presentation.OasControllerTest (OasControllerTest.java:36) - [START] testAdvertiseSearchFailed()
INFO  | 2020-12-09 10:33:16 | [main] presentation.OasController (OasController.java:33) - Finding advertise for id: -2
INFO  | 2020-12-09 10:33:16 | [main] dao.AdDaoImpl (AdDaoImpl.java:24) - Seacrh Result : nullSearch Successful!!
ERROR | 2020-12-09 10:33:16 | [main] presentation.OasController (OasController.java:39) - AdvertiseNotFoundException: Search Unsuccessful  Wrong AdvertiseId: -2
INFO  | 2020-12-09 10:46:45 | [main] presentation.OasControllerTest (OasControllerTest.java:29) - [START] testAdvertiseSearchSuccess()
INFO  | 2020-12-09 10:46:45 | [main] presentation.OasController (OasController.java:33) - Finding advertise for id: chair
ERROR | 2020-12-09 10:46:45 | [main] presentation.OasController (OasController.java:39) - AdvertiseNotFoundException: java.lang.IllegalArgumentException: Provided id of the wrong type for class com.cg.oas.entity.AdEntity. Expected: class java.lang.Integer, got class java.lang.String
INFO  | 2020-12-09 10:46:45 | [main] presentation.OasControllerTest (OasControllerTest.java:36) - [START] testAdvertiseSearchFailed()
INFO  | 2020-12-09 10:46:45 | [main] presentation.OasController (OasController.java:33) - Finding advertise for id: 
ERROR | 2020-12-09 10:46:45 | [main] presentation.OasController (OasController.java:39) - AdvertiseNotFoundException: java.lang.IllegalArgumentException: Provided id of the wrong type for class com.cg.oas.entity.AdEntity. Expected: class java.lang.Integer, got class java.lang.String
INFO  | 2020-12-09 10:56:28 | [main] presentation.OasControllerTest (OasControllerTest.java:29) - [START] testAdvertiseSearchSuccess()
INFO  | 2020-12-09 10:56:28 | [main] presentation.OasController (OasController.java:33) - Finding advertise for id: mixer
ERROR | 2020-12-09 10:56:29 | [main] presentation.OasController (OasController.java:39) - AdvertiseNotFoundException: java.lang.IllegalArgumentException: Provided id of the wrong type for class com.cg.oas.entity.AdvertiseEntity. Expected: class java.lang.Integer, got class java.lang.String
INFO  | 2020-12-09 10:56:29 | [main] presentation.OasControllerTest (OasControllerTest.java:36) - [START] testAdvertiseSearchFailed()
INFO  | 2020-12-09 10:56:29 | [main] presentation.OasController (OasController.java:33) - Finding advertise for id: 
ERROR | 2020-12-09 10:56:29 | [main] presentation.OasController (OasController.java:39) - AdvertiseNotFoundException: java.lang.IllegalArgumentException: Provided id of the wrong type for class com.cg.oas.entity.AdvertiseEntity. Expected: class java.lang.Integer, got class java.lang.String
INFO  | 2020-12-09 10:57:29 | [main] presentation.OasControllerTest (OasControllerTest.java:29) - [START] testAdvertiseSearchSuccess()
INFO  | 2020-12-09 10:57:29 | [main] presentation.OasController (OasController.java:33) - Finding advertise for id: chair
ERROR | 2020-12-09 10:57:29 | [main] presentation.OasController (OasController.java:39) - AdvertiseNotFoundException: java.lang.IllegalArgumentException: Provided id of the wrong type for class com.cg.oas.entity.AdvertiseEntity. Expected: class java.lang.Integer, got class java.lang.String
INFO  | 2020-12-09 10:57:29 | [main] presentation.OasControllerTest (OasControllerTest.java:36) - [START] testAdvertiseSearchFailed()
INFO  | 2020-12-09 10:57:29 | [main] presentation.OasController (OasController.java:33) - Finding advertise for id: 
ERROR | 2020-12-09 10:57:29 | [main] presentation.OasController (OasController.java:39) - AdvertiseNotFoundException: java.lang.IllegalArgumentException: Provided id of the wrong type for class com.cg.oas.entity.AdvertiseEntity. Expected: class java.lang.Integer, got class java.lang.String
INFO  | 2020-12-09 11:03:43 | [main] presentation.OasControllerTest (OasControllerTest.java:29) - [START] testAdvertiseSearchSuccess()
INFO  | 2020-12-09 11:03:43 | [main] presentation.OasController (OasController.java:33) - Finding advertise for : chair
ERROR | 2020-12-09 11:03:43 | [main] presentation.OasController (OasController.java:39) - AdvertiseNotFoundException: java.lang.IllegalArgumentException: Provided id of the wrong type for class com.cg.oas.entity.AdvertiseEntity. Expected: class java.lang.Integer, got class java.lang.String
INFO  | 2020-12-09 11:03:43 | [main] presentation.OasControllerTest (OasControllerTest.java:36) - [START] testAdvertiseSearchFailed()
INFO  | 2020-12-09 11:03:43 | [main] presentation.OasController (OasController.java:33) - Finding advertise for : 
ERROR | 2020-12-09 11:03:43 | [main] presentation.OasController (OasController.java:39) - AdvertiseNotFoundException: java.lang.IllegalArgumentException: Provided id of the wrong type for class com.cg.oas.entity.AdvertiseEntity. Expected: class java.lang.Integer, got class java.lang.String
INFO  | 2020-12-09 11:05:07 | [main] presentation.OasControllerTest (OasControllerTest.java:29) - [START] testAdvertiseSearchSuccess()
INFO  | 2020-12-09 11:05:07 | [main] presentation.OasController (OasController.java:33) - Finding advertise for : mixer
ERROR | 2020-12-09 11:05:07 | [main] presentation.OasController (OasController.java:39) - AdvertiseNotFoundException: java.lang.IllegalArgumentException: Provided id of the wrong type for class com.cg.oas.entity.AdvertiseEntity. Expected: class java.lang.Integer, got class java.lang.String
INFO  | 2020-12-09 11:05:07 | [main] presentation.OasControllerTest (OasControllerTest.java:36) - [START] testAdvertiseSearchFailed()
INFO  | 2020-12-09 11:05:07 | [main] presentation.OasController (OasController.java:33) - Finding advertise for : 
ERROR | 2020-12-09 11:05:07 | [main] presentation.OasController (OasController.java:39) - AdvertiseNotFoundException: java.lang.IllegalArgumentException: Provided id of the wrong type for class com.cg.oas.entity.AdvertiseEntity. Expected: class java.lang.Integer, got class java.lang.String
INFO  | 2020-12-09 12:50:02 | [main] presentation.OasControllerTest (OasControllerTest.java:29) - [START] testAdvertiseSearchSuccess()
INFO  | 2020-12-09 12:50:02 | [main] presentation.OasController (OasController.java:33) - Finding advertise for : mixer
ERROR | 2020-12-09 12:50:02 | [main] presentation.OasController (OasController.java:39) - AdvertiseNotFoundException: java.lang.IllegalArgumentException: Provided id of the wrong type for class com.cg.oas.entity.AdvertiseEntity. Expected: class java.lang.Integer, got class java.lang.String
INFO  | 2020-12-09 12:50:02 | [main] presentation.OasControllerTest (OasControllerTest.java:36) - [START] testAdvertiseSearchFailed()
INFO  | 2020-12-09 12:50:02 | [main] presentation.OasController (OasController.java:33) - Finding advertise for : 
ERROR | 2020-12-09 12:50:02 | [main] presentation.OasController (OasController.java:39) - AdvertiseNotFoundException: java.lang.IllegalArgumentException: Provided id of the wrong type for class com.cg.oas.entity.AdvertiseEntity. Expected: class java.lang.Integer, got class java.lang.String
INFO  | 2020-12-09 13:15:30 | [main] presentation.OasControllerTest (OasControllerTest.java:29) - [START] testAdvertiseSearchSuccess()
INFO  | 2020-12-09 13:15:30 | [main] presentation.OasController (OasController.java:33) - Finding advertise for : mixer
ERROR | 2020-12-09 13:15:30 | [main] presentation.OasController (OasController.java:39) - AdvertiseNotFoundException: java.lang.IllegalArgumentException: Provided id of the wrong type for class com.cg.oas.entity.AdvertiseEntity. Expected: class java.lang.Integer, got class java.lang.String
INFO  | 2020-12-09 13:15:30 | [main] presentation.OasControllerTest (OasControllerTest.java:36) - [START] testAdvertiseSearchFailed()
INFO  | 2020-12-09 13:15:30 | [main] presentation.OasController (OasController.java:33) - Finding advertise for : 
ERROR | 2020-12-09 13:15:30 | [main] presentation.OasController (OasController.java:39) - AdvertiseNotFoundException: java.lang.IllegalArgumentException: Provided id of the wrong type for class com.cg.oas.entity.AdvertiseEntity. Expected: class java.lang.Integer, got class java.lang.String
INFO  | 2020-12-09 15:45:58 | [main] presentation.OasControllerTest (OasControllerTest.java:29) - [START] testAdvertiseSearchSuccess()
INFO  | 2020-12-09 15:45:58 | [main] presentation.OasController (OasController.java:33) - Finding advertise for : mixer
ERROR | 2020-12-09 15:45:58 | [main] presentation.OasController (OasController.java:39) - AdvertiseNotFoundException: java.lang.IllegalArgumentException: No query defined for that name [select title from advertise where ad_id=?]
INFO  | 2020-12-09 15:45:58 | [main] presentation.OasControllerTest (OasControllerTest.java:36) - [START] testAdvertiseSearchFailed()
INFO  | 2020-12-09 15:45:58 | [main] presentation.OasController (OasController.java:33) - Finding advertise for : 
ERROR | 2020-12-09 15:45:58 | [main] presentation.OasController (OasController.java:39) - AdvertiseNotFoundException: java.lang.IllegalArgumentException: No query defined for that name [select title from advertise where ad_id=?]
INFO  | 2020-12-09 16:07:11 | [main] presentation.OasControllerTest (OasControllerTest.java:29) - [START] testAdvertiseSearchSuccess()
INFO  | 2020-12-09 16:07:11 | [main] presentation.OasController (OasController.java:33) - Finding advertise for : mixer
ERROR | 2020-12-09 16:07:11 | [main] presentation.OasController (OasController.java:39) - AdvertiseNotFoundException: java.lang.IllegalArgumentException: No query defined for that name [select title from advertise where ad_id=1]
INFO  | 2020-12-09 16:07:11 | [main] presentation.OasControllerTest (OasControllerTest.java:36) - [START] testAdvertiseSearchFailed()
INFO  | 2020-12-09 16:07:11 | [main] presentation.OasController (OasController.java:33) - Finding advertise for : 
ERROR | 2020-12-09 16:07:11 | [main] presentation.OasController (OasController.java:39) - AdvertiseNotFoundException: java.lang.IllegalArgumentException: No query defined for that name [select title from advertise where ad_id=1]
INFO  | 2020-12-09 16:30:16 | [main] presentation.OasControllerTest (OasControllerTest.java:36) - [START] testAdvertiseSearchFailed()
INFO  | 2020-12-09 16:30:16 | [main] presentation.OasController (OasController.java:33) - Finding advertise for : 
INFO  | 2020-12-09 16:50:09 | [main] presentation.OasControllerTest (OasControllerTest.java:29) - [START] testAdvertiseSearchSuccess()
INFO  | 2020-12-09 16:50:09 | [main] presentation.OasController (OasController.java:33) - Finding advertise for : mixer
ERROR | 2020-12-09 16:50:09 | [main] presentation.OasController (OasController.java:39) - AdvertiseNotFoundException: java.lang.IllegalArgumentException: No query defined for that name [select title from advertise where ad_id=1]
INFO  | 2020-12-09 16:50:09 | [main] presentation.OasControllerTest (OasControllerTest.java:36) - [START] testAdvertiseSearchFailed()
INFO  | 2020-12-09 16:50:09 | [main] presentation.OasController (OasController.java:33) - Finding advertise for : 
ERROR | 2020-12-09 16:50:09 | [main] presentation.OasController (OasController.java:39) - AdvertiseNotFoundException: java.lang.IllegalArgumentException: No query defined for that name [select title from advertise where ad_id=1]
INFO  | 2020-12-09 16:51:03 | [main] presentation.OasControllerTest (OasControllerTest.java:29) - [START] testAdvertiseSearchSuccess()
INFO  | 2020-12-09 16:51:03 | [main] presentation.OasController (OasController.java:33) - Finding advertise for : mixer
ERROR | 2020-12-09 16:51:03 | [main] presentation.OasController (OasController.java:39) - AdvertiseNotFoundException: java.lang.IllegalArgumentException: No query defined for that name [select title from advertise where ad_id=1]
INFO  | 2020-12-09 16:51:03 | [main] presentation.OasControllerTest (OasControllerTest.java:36) - [START] testAdvertiseSearchFailed()
INFO  | 2020-12-09 16:51:03 | [main] presentation.OasController (OasController.java:33) - Finding advertise for : 
ERROR | 2020-12-09 16:51:03 | [main] presentation.OasController (OasController.java:39) - AdvertiseNotFoundException: java.lang.IllegalArgumentException: No query defined for that name [select title from advertise where ad_id=1]
INFO  | 2020-12-09 17:05:16 | [main] presentation.OasControllerTest (OasControllerTest.java:41) - [START] testAdvertiseSearchSuccess()
INFO  | 2020-12-09 17:05:16 | [main] presentation.OasController (OasController.java:33) - Finding advertise for : mixer
ERROR | 2020-12-09 17:05:16 | [main] presentation.OasController (OasController.java:39) - AdvertiseNotFoundException: java.lang.IllegalArgumentException: No query defined for that name [select title from advertise where ad_id=1]
INFO  | 2020-12-09 17:05:16 | [main] presentation.OasControllerTest (OasControllerTest.java:55) - [START] testAdvertiseSearchFailed()
INFO  | 2020-12-09 17:05:16 | [main] presentation.OasController (OasController.java:33) - Finding advertise for : 
ERROR | 2020-12-09 17:05:16 | [main] presentation.OasController (OasController.java:39) - AdvertiseNotFoundException: java.lang.IllegalArgumentException: No query defined for that name [select title from advertise where ad_id=1]
INFO  | 2020-12-09 18:10:05 | [main] presentation.OasControllerTest (OasControllerTest.java:41) - [START] testAdvertiseSearchSuccess()
INFO  | 2020-12-09 18:10:05 | [main] presentation.OasController (OasController.java:33) - Finding advertise for : mixer
INFO  | 2020-12-09 18:10:06 | [main] presentation.OasControllerTest (OasControllerTest.java:55) - [START] testAdvertiseSearchFailed()
INFO  | 2020-12-09 18:10:06 | [main] presentation.OasController (OasController.java:33) - Finding advertise for : 
INFO  | 2020-12-09 18:10:06 | [main] presentation.OasControllerTest (OasControllerTest.java:57) - [END] testAdvertiseSearchFailed()
INFO  | 2020-12-09 18:15:23 | [main] presentation.OasControllerTest (OasControllerTest.java:41) - [START] testAdvertiseSearchSuccess()
INFO  | 2020-12-09 18:15:23 | [main] presentation.OasController (OasController.java:33) - Finding advertise for : mixer
ERROR | 2020-12-09 18:15:23 | [main] presentation.OasController (OasController.java:39) - AdvertiseNotFoundException: java.lang.IllegalArgumentException: No query defined for that name [select title from advertise where ad_id=1]
INFO  | 2020-12-09 18:15:24 | [main] presentation.OasControllerTest (OasControllerTest.java:55) - [START] testAdvertiseSearchFailed()
INFO  | 2020-12-09 18:15:24 | [main] presentation.OasController (OasController.java:33) - Finding advertise for : 
ERROR | 2020-12-09 18:15:24 | [main] presentation.OasController (OasController.java:39) - AdvertiseNotFoundException: java.lang.IllegalArgumentException: No query defined for that name [select title from advertise where ad_id=1]
